[2025-06-05 23:58:30] [INFO    ] discord.client: logging in using static token
[2025-06-05 23:58:30] [DEBUG   ] discord.http: GET https://discord.com/api/v10/users/@me with None has returned 200
[2025-06-05 23:58:30] [DEBUG   ] discord.http: GET /users/@me has found its initial rate limit bucket hash (78bb8553d9352a5a2f89f9def401287a).
[2025-06-05 23:58:30] [DEBUG   ] discord.http: GET https://discord.com/api/v10/users/@me has received {'id': '942640953401946132', 'username': 'ShmingoBot', 'avatar': '88f85c66e3b6ccbf0d0134aeb3a738d6', 'discriminator': '9443', 'public_flags': 0, 'flags': 0, 'bot': True, 'banner': None, 'accent_color': None, 'global_name': None, 'avatar_decoration_data': None, 'collectibles': None, 'banner_color': None, 'clan': None, 'primary_guild': None, 'mfa_enabled': False, 'locale': 'en-US', 'premium_type': 0, 'email': None, 'verified': True, 'bio': ''}
[2025-06-05 23:58:30] [DEBUG   ] discord.http: GET https://discord.com/api/v10/oauth2/applications/@me with None has returned 200
[2025-06-05 23:58:30] [DEBUG   ] discord.http: GET /oauth2/applications/@me has found its initial rate limit bucket hash (d28a133af187e91d71d96a223467ce49).
[2025-06-05 23:58:30] [DEBUG   ] discord.http: GET https://discord.com/api/v10/oauth2/applications/@me has received {'id': '942640953401946132', 'name': 'WhitelistBot', 'icon': '88f85c66e3b6ccbf0d0134aeb3a738d6', 'description': 'A bot that has has a programmable schedule, and pings users when dates are approaching', 'type': None, 'bot': {'id': '942640953401946132', 'username': 'ShmingoBot', 'avatar': '88f85c66e3b6ccbf0d0134aeb3a738d6', 'discriminator': '9443', 'public_flags': 0, 'flags': 0, 'bot': True, 'banner': None, 'accent_color': None, 'global_name': None, 'avatar_decoration_data': None, 'collectibles': None, 'banner_color': None, 'clan': None, 'primary_guild': None}, 'summary': '', 'is_monetized': False, 'is_verified': False, 'is_discoverable': False, 'bot_public': True, 'bot_require_code_grant': False, 'install_params': {'scopes': ['applications.commands', 'bot'], 'permissions': '543380987968'}, 'integration_types_config': {'0': {'oauth2_install_params': {'scopes': ['applications.commands', 'bot'], 'permissions': '543380987968'}}}, 'verify_key': '8e1ee5ded20d28853898dd40ca2fd10396309c57063283c7a2f9a316b8a4b473', 'flags': 565248, 'hook': True, 'storefront_available': False, 'redirect_uris': ['https://discordapp.com/oauth2/authorize?&client_id=942640953401946132&scope=bot'], 'interactions_endpoint_url': None, 'role_connections_verification_url': None, 'owner': {'id': '734586967785865256', 'username': 'ea_r_th', 'avatar': '99e1be84acad49c6c557d66d6da343db', 'discriminator': '0', 'public_flags': 0, 'flags': 0, 'banner': None, 'accent_color': None, 'global_name': 'Ea_r_th', 'avatar_decoration_data': None, 'collectibles': None, 'banner_color': None, 'clan': None, 'primary_guild': None}, 'approximate_guild_count': 2, 'approximate_user_install_count': 0, 'interactions_event_types': [], 'interactions_version': 1, 'explicit_content_filter': 0, 'rpc_application_state': 0, 'store_application_state': 1, 'verification_state': 1, 'integration_public': True, 'integration_require_code_grant': False, 'discoverability_state': 1, 'discovery_eligibility_flags': 228, 'monetization_state': 1, 'verification_eligibility_flags': 91036, 'monetization_eligibility_flags': 181988, 'team': None, 'internal_guild_restriction': 2, 'approved_consoles': []}
[2025-06-05 23:58:31] [DEBUG   ] discord.gateway: Created websocket connected to wss://gateway.discord.gg/
[2025-06-05 23:58:31] [DEBUG   ] discord.gateway: For Shard ID None: WebSocket Event: {'t': None, 's': None, 'op': 10, 'd': {'heartbeat_interval': 41250, '_trace': ['["gateway-prd-us-east1-d-3zpl",{"micros":0.0}]']}}
[2025-06-05 23:58:31] [DEBUG   ] discord.gateway: Shard ID None has sent the IDENTIFY payload.
[2025-06-05 23:58:31] [DEBUG   ] discord.gateway: For Shard ID None: WebSocket Event: {'t': None, 's': None, 'op': 11, 'd': None}
[2025-06-05 23:58:31] [DEBUG   ] discord.gateway: For Shard ID None: WebSocket Event: {'t': 'READY', 's': 1, 'op': 0, 'd': {'v': 10, 'user_settings': {}, 'user': {'verified': True, 'username': 'ShmingoBot', 'primary_guild': None, 'mfa_enabled': False, 'id': '942640953401946132', 'global_name': None, 'flags': 0, 'email': None, 'discriminator': '9443', 'clan': None, 'bot': True, 'avatar': '88f85c66e3b6ccbf0d0134aeb3a738d6'}, 'session_type': 'normal', 'session_id': 'b9215f8e1ef5e769c6aac7768d3d612d', 'resume_gateway_url': 'wss://gateway-us-east1-d.discord.gg', 'relationships': [], 'private_channels': [], 'presences': [], 'guilds': [{'unavailable': True, 'id': '764012525738000424'}, {'unavailable': True, 'id': '1219937603650977853'}], 'guild_join_requests': [], 'geo_ordered_rtc_regions': ['us-west', 'santa-clara', 'oregon', 'seattle', 'us-south'], 'game_relationships': [], 'auth': {}, 'application': {'id': '942640953401946132', 'flags': 565248}, '_trace': ['["gateway-prd-us-east1-d-3zpl",{"micros":82271,"calls":["id_created",{"micros":332,"calls":[]},"session_lookup_time",{"micros":347,"calls":[]},"session_lookup_finished",{"micros":12,"calls":[]},"discord-sessions-prd-2-117",{"micros":80690,"calls":["start_session",{"micros":51120,"calls":["discord-api-rpc-86656f985c-tsz9q",{"micros":40770,"calls":["get_user",{"micros":6808},"get_guilds",{"micros":2927},"send_scheduled_deletion_message",{"micros":13},"guild_join_requests",{"micros":1},"authorized_ip_coro",{"micros":15},"pending_payments",{"micros":1053},"apex_user_experiments",{"micros":4},"user_activities",{"micros":4},"played_application_ids",{"micros":2}]}]},"starting_guild_connect",{"micros":24,"calls":[]},"presence_started",{"micros":238,"calls":[]},"guilds_started",{"micros":73,"calls":[]},"lobbies_started",{"micros":1,"calls":[]},"guilds_connect",{"micros":1,"calls":[]},"presence_connect",{"micros":29211,"calls":[]},"connect_finished",{"micros":29216,"calls":[]},"build_ready",{"micros":15,"calls":[]},"clean_ready",{"micros":1,"calls":[]},"optimize_ready",{"micros":0,"calls":[]},"split_ready",{"micros":1,"calls":[]}]}]}]']}}
[2025-06-05 23:58:31] [DEBUG   ] discord.client: Dispatching event socket_event_type
[2025-06-05 23:58:31] [INFO    ] discord.gateway: Shard ID None has connected to Gateway (Session ID: b9215f8e1ef5e769c6aac7768d3d612d).
[2025-06-05 23:58:31] [DEBUG   ] discord.client: Dispatching event connect
[2025-06-05 23:58:31] [DEBUG   ] discord.gateway: For Shard ID None: WebSocket Event: {'t': 'GUILD_CREATE', 's': 2, 'op': 0, 'd': {'hub_type': None, 'incidents_data': None, 'stage_instances': [], 'features': [], 'profile': None, 'soundboard_sounds': [], 'splash': None, 'premium_progress_bar_enabled': False, 'application_command_counts': {}, 'stickers': [], 'icon': '96cc47ec35b6287836dc626a37458b4b', 'system_channel_id': '764012525738000427', 'owner_id': '734586967785865256', 'id': '764012525738000424', 'name': 'Work Dump', 'premium_subscription_count': 0, 'unavailable': False, 'max_stage_video_channel_users': 50, 'inventory_settings': None, 'moderator_reporting': None, 'members': [{'user': {'username': 'ShmingoBot', 'public_flags': 0, 'primary_guild': None, 'id': '942640953401946132', 'global_name': None, 'display_name': None, 'discriminator': '9443', 'collectibles': None, 'bot': True, 'avatar_decoration_data': None, 'avatar': '88f85c66e3b6ccbf0d0134aeb3a738d6'}, 'roles': ['942653683752108085'], 'premium_since': None, 'pending': False, 'nick': None, 'mute': False, 'joined_at': '2022-02-14T05:29:11.908000+00:00', 'flags': 0, 'deaf': False, 'communication_disabled_until': None, 'banner': None, 'avatar': None}], 'explicit_content_filter': 0, 'threads': [], 'safety_alerts_channel_id': None, 'system_channel_flags': 0, 'nsfw_level': 0, 'guild_scheduled_events': [], 'afk_timeout': 300, 'description': None, 'verification_level': 0, 'discovery_splash': None, 'large': False, 'latest_onboarding_question_id': None, 'rules_channel_id': None, 'activity_instances': [], 'max_video_channel_users': 25, 'banner': None, 'emojis': [{'version': 0, 'roles': [], 'require_colons': True, 'name': 'Capturemin', 'managed': False, 'id': '944038124185595915', 'available': True, 'animated': False}], 'home_header': None, 'application_id': None, 'region': 'deprecated', 'public_updates_channel_id': None, 'lazy': True, 'max_members': 500000, 'afk_channel_id': None, 'voice_states': [], 'mfa_level': 0, 'vanity_url_code': None, 'preferred_locale': 'en-US', 'roles': [{'version': 0, 'unicode_emoji': None, 'tags': {}, 'position': 0, 'permissions': '2248473465835073', 'name': '@everyone', 'mentionable': False, 'managed': False, 'id': '764012525738000424', 'icon': None, 'hoist': False, 'flags': 0, 'colors': {'tertiary_color': None, 'secondary_color': None, 'primary_color': 0}, 'color': 0}, {'version': 0, 'unicode_emoji': None, 'tags': {}, 'position': 1, 'permissions': '6546771521', 'name': 'Lack', 'mentionable': False, 'managed': False, 'id': '765442149906251806', 'icon': None, 'hoist': False, 'flags': 0, 'colors': {'tertiary_color': None, 'secondary_color': None, 'primary_color': 10186146}, 'color': 10186146}, {'version': 1749190651913, 'unicode_emoji': None, 'tags': {'bot_id': '942640953401946132'}, 'position': 1, 'permissions': '8', 'name': 'WhitelistBot', 'mentionable': False, 'managed': True, 'id': '942653683752108085', 'icon': None, 'hoist': False, 'flags': 0, 'colors': {'tertiary_color': None, 'secondary_color': None, 'primary_color': 0}, 'color': 0}], 'joined_at': '2022-02-14T05:29:11.908000+00:00', 'premium_tier': 0, 'version': 1743804483488, 'nsfw': False, 'default_message_notifications': 0, 'embedded_activities': [], 'presences': [], 'member_count': 2, 'channels': [{'version': 0, 'type': 4, 'position': 0, 'permission_overwrites': [], 'name': 'Text Channels', 'id': '764012525738000425', 'flags': 0}, {'version': 0, 'type': 4, 'position': 0, 'permission_overwrites': [], 'name': 'Voice Channels', 'id': '764012525738000426', 'flags': 0}, {'version': 0, 'type': 0, 'topic': None, 'rate_limit_per_user': 0, 'position': 0, 'permission_overwrites': [], 'parent_id': '764012525738000425', 'name': 'general', 'last_message_id': '1377025877539295263', 'id': '764012525738000427', 'flags': 0}, {'version': 0, 'type': 0, 'topic': None, 'rate_limit_per_user': 0, 'position': 1, 'permission_overwrites': [], 'parent_id': '764012525738000425', 'name': 'links', 'last_message_id': '1014001178641715250', 'id': '765442043916189727', 'flags': 0}, {'version': 0, 'type': 0, 'topic': None, 'rate_limit_per_user': 0, 'position': 2, 'permission_overwrites': [], 'parent_id': '764012525738000425', 'name': 'stats', 'last_message_id': '1026574907825475606', 'id': '842257703405224018', 'flags': 0}, {'version': 0, 'user_limit': 0, 'type': 2, 'rtc_region': None, 'rate_limit_per_user': 0, 'position': 0, 'permission_overwrites': [], 'parent_id': '764012525738000426', 'name': 'Test', 'last_message_id': None, 'id': '850492472592433232', 'flags': 0, 'bitrate': 64000}, {'version': 0, 'type': 0, 'topic': None, 'rate_limit_per_user': 0, 'position': 3, 'permission_overwrites': [], 'parent_id': '764012525738000425', 'name': 'bot-channel', 'last_message_id': '948033619023257631', 'id': '943804749604589618', 'flags': 0}, {'version': 1679878517316, 'type': 0, 'topic': None, 'rate_limit_per_user': 0, 'position': 4, 'permission_overwrites': [], 'parent_id': '764012525738000425', 'name': 'cooking', 'last_message_id': '1291584041518239744', 'id': '1089714225666084934', 'flags': 0}, {'version': 1681245462297, 'type': 0, 'topic': None, 'rate_limit_per_user': 0, 'position': 5, 'permission_overwrites': [], 'parent_id': '764012525738000425', 'name': 'eyelog', 'last_message_id': '1119378210115834007', 'id': '1095447608471859360', 'flags': 0}, {'version': 1682733072133, 'type': 0, 'topic': None, 'rate_limit_per_user': 0, 'position': 6, 'permission_overwrites': [], 'parent_id': '764012525738000425', 'name': 'accounts', 'last_message_id': '1316964361348321302', 'id': '1101687096361619517', 'flags': 0}, {'version': 1685532695916, 'type': 0, 'topic': None, 'rate_limit_per_user': 0, 'position': 7, 'permission_overwrites': [], 'parent_id': '764012525738000425', 'name': 'important', 'last_message_id': '1325305160519389205', 'id': '1113429569601536091', 'flags': 0}, {'version': 1688700109544, 'type': 0, 'topic': None, 'rate_limit_per_user': 0, 'position': 8, 'permission_overwrites': [], 'parent_id': '764012525738000425', 'name': 'usc', 'last_message_id': '1285162323723554877', 'id': '1126714664873631786', 'flags': 0}, {'version': 1694798691407, 'type': 0, 'topic': None, 'rate_limit_per_user': 0, 'position': 9, 'permission_overwrites': [], 'parent_id': '764012525738000425', 'name': 'asignments', 'last_message_id': '1207505967147782154', 'id': '1152293971075268669', 'flags': 0}, {'version': 1703840809421, 'type': 0, 'topic': None, 'rate_limit_per_user': 0, 'position': 10, 'permission_overwrites': [], 'parent_id': '764012525738000425', 'name': 'gameplans', 'last_message_id': '1190220612677935225', 'id': '1190219363303829594', 'flags': 0}], 'premium_features': None}}
[2025-06-05 23:58:31] [DEBUG   ] discord.client: Dispatching event socket_event_type
[2025-06-05 23:58:31] [DEBUG   ] discord.gateway: For Shard ID None: WebSocket Event: {'t': 'GUILD_CREATE', 's': 3, 'op': 0, 'd': {'hub_type': None, 'incidents_data': None, 'stage_instances': [], 'features': [], 'profile': None, 'soundboard_sounds': [], 'splash': None, 'premium_progress_bar_enabled': False, 'application_command_counts': {}, 'stickers': [], 'icon': 'b9c1315ec4833cf993627a839067db5b', 'system_channel_id': '1219937603650977856', 'owner_id': '734586967785865256', 'id': '1219937603650977853', 'name': 'Shmingo', 'premium_subscription_count': 0, 'unavailable': False, 'max_stage_video_channel_users': 50, 'inventory_settings': None, 'moderator_reporting': None, 'members': [{'user': {'username': 'ShmingoBot', 'public_flags': 0, 'primary_guild': None, 'id': '942640953401946132', 'global_name': None, 'display_name': None, 'discriminator': '9443', 'collectibles': None, 'bot': True, 'avatar_decoration_data': None, 'avatar': '88f85c66e3b6ccbf0d0134aeb3a738d6'}, 'roles': ['1380437150360932465'], 'premium_since': None, 'pending': False, 'nick': None, 'mute': False, 'joined_at': '2025-06-06T06:44:24.032880+00:00', 'flags': 0, 'deaf': False, 'communication_disabled_until': None, 'banner': None, 'avatar': None}], 'explicit_content_filter': 0, 'threads': [], 'safety_alerts_channel_id': None, 'system_channel_flags': 0, 'nsfw_level': 0, 'guild_scheduled_events': [], 'afk_timeout': 300, 'description': None, 'verification_level': 0, 'discovery_splash': None, 'large': False, 'latest_onboarding_question_id': None, 'rules_channel_id': None, 'activity_instances': [], 'max_video_channel_users': 25, 'banner': None, 'emojis': [], 'home_header': None, 'application_id': None, 'region': 'deprecated', 'public_updates_channel_id': None, 'lazy': True, 'max_members': 500000, 'afk_channel_id': None, 'voice_states': [], 'mfa_level': 0, 'vanity_url_code': None, 'preferred_locale': 'en-US', 'roles': [{'version': 1710926190102, 'unicode_emoji': None, 'tags': {}, 'position': 0, 'permissions': '2248473465835073', 'name': '@everyone', 'mentionable': False, 'managed': False, 'id': '1219937603650977853', 'icon': None, 'hoist': False, 'flags': 0, 'colors': {'tertiary_color': None, 'secondary_color': None, 'primary_color': 0}, 'color': 0}, {'version': 1726379950419, 'unicode_emoji': None, 'tags': {}, 'position': 1, 'permissions': '8', 'name': 'Admin', 'mentionable': True, 'managed': False, 'id': '1284755198224498779', 'icon': None, 'hoist': False, 'flags': 0, 'colors': {'tertiary_color': None, 'secondary_color': None, 'primary_color': 10181046}, 'color': 10181046}, {'version': 1749192263991, 'unicode_emoji': None, 'tags': {'bot_id': '942640953401946132'}, 'position': 1, 'permissions': '8', 'name': 'WhitelistBot', 'mentionable': False, 'managed': True, 'id': '1380437150360932465', 'icon': None, 'hoist': False, 'flags': 0, 'colors': {'tertiary_color': None, 'secondary_color': None, 'primary_color': 0}, 'color': 0}], 'joined_at': '2025-06-06T06:44:24.032880+00:00', 'premium_tier': 0, 'version': 1749191511522, 'nsfw': False, 'default_message_notifications': 0, 'embedded_activities': [], 'presences': [], 'member_count': 3, 'channels': [{'version': 1710926190110, 'type': 4, 'position': 0, 'permission_overwrites': [], 'name': 'Text Channels', 'id': '1219937603650977854', 'flags': 0}, {'version': 1710926190114, 'type': 4, 'position': 0, 'permission_overwrites': [], 'name': 'Voice Channels', 'id': '1219937603650977855', 'flags': 0}, {'version': 1710926190120, 'type': 0, 'topic': None, 'rate_limit_per_user': 0, 'position': 0, 'permission_overwrites': [], 'parent_id': '1219937603650977854', 'name': 'general', 'last_message_id': '1380437151153393725', 'id': '1219937603650977856', 'icon_emoji': {'name': '👋', 'id': None}, 'flags': 0}, {'version': 1710926190132, 'user_limit': 0, 'type': 2, 'rtc_region': None, 'rate_limit_per_user': 0, 'position': 0, 'permission_overwrites': [], 'parent_id': '1219937603650977855', 'name': 'General', 'last_message_id': None, 'id': '1219937603650977857', 'icon_emoji': {'name': '🎙️', 'id': None}, 'flags': 0, 'bitrate': 64000}, {'version': 1710926254419, 'type': 0, 'topic': None, 'rate_limit_per_user': 0, 'position': 1, 'permission_overwrites': [], 'parent_id': '1219937603650977854', 'name': 'article-links', 'last_message_id': '1296220622720073909', 'id': '1219937873575411753', 'flags': 0}, {'version': 1711415176565, 'type': 0, 'topic': None, 'rate_limit_per_user': 0, 'position': 2, 'permission_overwrites': [], 'parent_id': '1219937603650977854', 'name': 'cpp-links', 'last_message_id': '1231016839052787762', 'id': '1221988561717297232', 'flags': 0}, {'version': 1726379976722, 'type': 0, 'topic': None, 'rate_limit_per_user': 0, 'position': 3, 'permission_overwrites': [], 'parent_id': '1219937603650977854', 'name': 'songs', 'last_message_id': '1287143124082229321', 'id': '1284755482740920382', 'flags': 0}, {'version': 1749191517282, 'type': 0, 'topic': None, 'rate_limit_per_user': 0, 'position': 4, 'permission_overwrites': [], 'parent_id': '1219937603650977854', 'nsfw': False, 'name': 'bot_test', 'last_message_id': '1380437512203276319', 'id': '1380434018654490754', 'flags': 0}], 'premium_features': None}}
[2025-06-05 23:58:31] [DEBUG   ] discord.client: Dispatching event socket_event_type
[2025-06-05 23:58:31] [DEBUG   ] discord.gateway: For Shard ID None: WebSocket Event: {'t': 'GUILD_MEMBERS_CHUNK', 's': 4, 'op': 0, 'd': {'nonce': '3fdc9a6c3ef200804b6651659e829348', 'members': [{'user': {'username': 'ea_r_th', 'public_flags': 0, 'primary_guild': None, 'id': '734586967785865256', 'global_name': 'Ea_r_th', 'display_name': 'Ea_r_th', 'discriminator': '0', 'collectibles': None, 'bot': False, 'avatar_decoration_data': None, 'avatar': '99e1be84acad49c6c557d66d6da343db'}, 'roles': ['765442149906251806'], 'premium_since': None, 'pending': False, 'nick': None, 'mute': False, 'joined_at': '2020-10-09T06:33:00.808000+00:00', 'flags': 0, 'deaf': False, 'communication_disabled_until': None, 'banner': None, 'avatar': None}, {'user': {'username': 'ShmingoBot', 'public_flags': 0, 'primary_guild': None, 'id': '942640953401946132', 'global_name': None, 'display_name': None, 'discriminator': '9443', 'collectibles': None, 'bot': True, 'avatar_decoration_data': None, 'avatar': '88f85c66e3b6ccbf0d0134aeb3a738d6'}, 'roles': ['942653683752108085'], 'premium_since': None, 'pending': False, 'nick': None, 'mute': False, 'joined_at': '2022-02-14T05:29:11.908000+00:00', 'flags': 0, 'deaf': False, 'communication_disabled_until': None, 'banner': None, 'avatar': None}], 'guild_id': '764012525738000424', 'chunk_index': 0, 'chunk_count': 1}}
[2025-06-05 23:58:31] [DEBUG   ] discord.client: Dispatching event socket_event_type
[2025-06-05 23:58:31] [DEBUG   ] discord.state: Processed a chunk for 2 members in guild ID 764012525738000424.
[2025-06-05 23:58:31] [DEBUG   ] discord.gateway: For Shard ID None: WebSocket Event: {'t': 'GUILD_MEMBERS_CHUNK', 's': 5, 'op': 0, 'd': {'nonce': '7b8d6b05518ed1331796acff933e5318', 'members': [{'user': {'username': 'venomstrike07', 'public_flags': 256, 'primary_guild': None, 'id': '346835018590453770', 'global_name': 'Chicken', 'display_name': 'Chicken', 'discriminator': '0', 'collectibles': None, 'bot': False, 'avatar_decoration_data': {'sku_id': '1349486948942745695', 'expires_at': None, 'asset': 'a_44d96dca4f514777925f23d841f36fac'}, 'avatar': '08cda9655429b763142c94e25d06148b'}, 'roles': ['1284755198224498779'], 'premium_since': None, 'pending': False, 'nick': None, 'mute': False, 'joined_at': '2024-08-19T04:23:27.050000+00:00', 'flags': 0, 'deaf': False, 'communication_disabled_until': None, 'banner': None, 'avatar': None}, {'user': {'username': 'ea_r_th', 'public_flags': 0, 'primary_guild': None, 'id': '734586967785865256', 'global_name': 'Ea_r_th', 'display_name': 'Ea_r_th', 'discriminator': '0', 'collectibles': None, 'bot': False, 'avatar_decoration_data': None, 'avatar': '99e1be84acad49c6c557d66d6da343db'}, 'roles': ['1284755198224498779'], 'premium_since': None, 'pending': False, 'nick': None, 'mute': False, 'joined_at': '2024-03-20T09:16:30.064000+00:00', 'flags': 0, 'deaf': False, 'communication_disabled_until': None, 'banner': None, 'avatar': None}, {'user': {'username': 'ShmingoBot', 'public_flags': 0, 'primary_guild': None, 'id': '942640953401946132', 'global_name': None, 'display_name': None, 'discriminator': '9443', 'collectibles': None, 'bot': True, 'avatar_decoration_data': None, 'avatar': '88f85c66e3b6ccbf0d0134aeb3a738d6'}, 'roles': ['1380437150360932465'], 'premium_since': None, 'pending': False, 'nick': None, 'mute': False, 'joined_at': '2025-06-06T06:44:24.032880+00:00', 'flags': 0, 'deaf': False, 'communication_disabled_until': None, 'banner': None, 'avatar': None}], 'guild_id': '1219937603650977853', 'chunk_index': 0, 'chunk_count': 1}}
[2025-06-05 23:58:31] [DEBUG   ] discord.client: Dispatching event socket_event_type
[2025-06-05 23:58:31] [DEBUG   ] discord.state: Processed a chunk for 3 members in guild ID 1219937603650977853.
[2025-06-05 23:58:33] [DEBUG   ] discord.client: Dispatching event guild_available
[2025-06-05 23:58:33] [DEBUG   ] discord.client: Dispatching event guild_available
[2025-06-05 23:58:33] [DEBUG   ] discord.client: Dispatching event ready
[2025-06-05 23:58:39] [DEBUG   ] discord.gateway: For Shard ID None: WebSocket Event: {'t': 'TYPING_START', 's': 6, 'op': 0, 'd': {'user_id': '734586967785865256', 'timestamp': 1749193120, 'member': {'user': {'username': 'ea_r_th', 'public_flags': 0, 'primary_guild': None, 'id': '734586967785865256', 'global_name': 'Ea_r_th', 'display_name': 'Ea_r_th', 'discriminator': '0', 'collectibles': None, 'bot': False, 'avatar_decoration_data': None, 'avatar': '99e1be84acad49c6c557d66d6da343db'}, 'roles': ['1284755198224498779'], 'premium_since': None, 'pending': False, 'nick': None, 'mute': False, 'joined_at': '2024-03-20T09:16:30.064000+00:00', 'flags': 0, 'deaf': False, 'communication_disabled_until': None, 'banner': None, 'avatar': None}, 'channel_id': '1380434018654490754', 'guild_id': '1219937603650977853'}}
[2025-06-05 23:58:39] [DEBUG   ] discord.client: Dispatching event socket_event_type
[2025-06-05 23:58:39] [DEBUG   ] discord.client: Dispatching event typing
[2025-06-05 23:58:39] [DEBUG   ] discord.client: Dispatching event raw_typing
[2025-06-05 23:58:46] [DEBUG   ] discord.gateway: For Shard ID None: WebSocket Event: {'t': 'MESSAGE_CREATE', 's': 7, 'op': 0, 'd': {'type': 0, 'tts': False, 'timestamp': '2025-06-06T06:58:46.965000+00:00', 'pinned': False, 'nonce': '1380440765703913472', 'mentions': [], 'mention_roles': [], 'mention_everyone': False, 'member': {'roles': ['1284755198224498779'], 'premium_since': None, 'pending': False, 'nick': None, 'mute': False, 'joined_at': '2024-03-20T09:16:30.064000+00:00', 'flags': 0, 'deaf': False, 'communication_disabled_until': None, 'banner': None, 'avatar': None}, 'id': '1380440770200207370', 'flags': 0, 'embeds': [], 'edited_timestamp': None, 'content': '!setserverdirectory "/home/server_test"', 'components': [], 'channel_type': 0, 'channel_id': '1380434018654490754', 'author': {'username': 'ea_r_th', 'public_flags': 0, 'primary_guild': None, 'id': '734586967785865256', 'global_name': 'Ea_r_th', 'discriminator': '0', 'collectibles': None, 'clan': None, 'avatar_decoration_data': None, 'avatar': '99e1be84acad49c6c557d66d6da343db'}, 'attachments': [], 'guild_id': '1219937603650977853'}}
[2025-06-05 23:58:46] [DEBUG   ] discord.client: Dispatching event socket_event_type
[2025-06-05 23:58:46] [DEBUG   ] discord.client: Dispatching event message
[2025-06-05 23:58:46] [DEBUG   ] discord.client: Dispatching event command
[2025-06-05 23:58:46] [DEBUG   ] discord.gateway: For Shard ID None: WebSocket Event: {'t': 'MESSAGE_CREATE', 's': 8, 'op': 0, 'd': {'type': 0, 'tts': False, 'timestamp': '2025-06-06T06:58:47.180000+00:00', 'pinned': False, 'nonce': '14942947351105201177', 'mentions': [], 'mention_roles': [], 'mention_everyone': False, 'member': {'roles': ['1380437150360932465'], 'premium_since': None, 'pending': False, 'nick': None, 'mute': False, 'joined_at': '2025-06-06T06:44:24.032880+00:00', 'flags': 0, 'deaf': False, 'communication_disabled_until': None, 'banner': None, 'avatar': None}, 'id': '1380440771102117948', 'flags': 0, 'embeds': [], 'edited_timestamp': None, 'content': 'Server directory set to: /home/test_server', 'components': [], 'channel_type': 0, 'channel_id': '1380434018654490754', 'author': {'username': 'ShmingoBot', 'public_flags': 0, 'primary_guild': None, 'id': '942640953401946132', 'global_name': None, 'discriminator': '9443', 'collectibles': None, 'clan': None, 'bot': True, 'avatar_decoration_data': None, 'avatar': '88f85c66e3b6ccbf0d0134aeb3a738d6'}, 'attachments': [], 'guild_id': '1219937603650977853'}}
[2025-06-05 23:58:46] [DEBUG   ] discord.client: Dispatching event socket_event_type
[2025-06-05 23:58:46] [DEBUG   ] discord.client: Dispatching event message
[2025-06-05 23:58:46] [DEBUG   ] discord.http: POST https://discord.com/api/v10/channels/1380434018654490754/messages with {"content":"Server directory set to: /home/test_server","components":[],"nonce":"14942947351105201177","enforce_nonce":true,"tts":false} has returned 200
[2025-06-05 23:58:46] [DEBUG   ] discord.http: POST /channels/{channel_id}/messages has found its initial rate limit bucket hash (3df15bae86f6647dd4dfcbd5c6949480).
[2025-06-05 23:58:46] [DEBUG   ] discord.http: POST https://discord.com/api/v10/channels/1380434018654490754/messages has received {'type': 0, 'content': 'Server directory set to: /home/test_server', 'mentions': [], 'mention_roles': [], 'attachments': [], 'embeds': [], 'timestamp': '2025-06-06T06:58:47.180000+00:00', 'edited_timestamp': None, 'flags': 0, 'components': [], 'id': '1380440771102117948', 'channel_id': '1380434018654490754', 'author': {'id': '942640953401946132', 'username': 'ShmingoBot', 'avatar': '88f85c66e3b6ccbf0d0134aeb3a738d6', 'discriminator': '9443', 'public_flags': 0, 'flags': 0, 'bot': True, 'banner': None, 'accent_color': None, 'global_name': None, 'avatar_decoration_data': None, 'collectibles': None, 'banner_color': None, 'clan': None, 'primary_guild': None}, 'pinned': False, 'mention_everyone': False, 'tts': False, 'nonce': '14942947351105201177'}
[2025-06-05 23:58:46] [DEBUG   ] discord.client: Dispatching event command_completion
[2025-06-05 23:59:12] [DEBUG   ] discord.gateway: Keeping shard ID None websocket alive with sequence 8.
[2025-06-05 23:59:12] [DEBUG   ] discord.gateway: For Shard ID None: WebSocket Event: {'t': None, 's': None, 'op': 11, 'd': None}
[2025-06-05 23:59:53] [DEBUG   ] discord.gateway: Keeping shard ID None websocket alive with sequence 8.
[2025-06-05 23:59:53] [DEBUG   ] discord.gateway: For Shard ID None: WebSocket Event: {'t': None, 's': None, 'op': 11, 'd': None}
[2025-06-06 00:00:34] [DEBUG   ] discord.gateway: Keeping shard ID None websocket alive with sequence 8.
[2025-06-06 00:00:34] [DEBUG   ] discord.gateway: For Shard ID None: WebSocket Event: {'t': None, 's': None, 'op': 11, 'd': None}
[2025-06-06 00:01:16] [DEBUG   ] discord.gateway: Keeping shard ID None websocket alive with sequence 8.
[2025-06-06 00:01:16] [DEBUG   ] discord.gateway: For Shard ID None: WebSocket Event: {'t': None, 's': None, 'op': 11, 'd': None}
[2025-06-06 00:01:57] [DEBUG   ] discord.gateway: Keeping shard ID None websocket alive with sequence 8.
[2025-06-06 00:01:57] [DEBUG   ] discord.gateway: For Shard ID None: WebSocket Event: {'t': None, 's': None, 'op': 11, 'd': None}
[2025-06-06 00:02:38] [DEBUG   ] discord.gateway: Keeping shard ID None websocket alive with sequence 8.
[2025-06-06 00:02:38] [DEBUG   ] discord.gateway: For Shard ID None: WebSocket Event: {'t': None, 's': None, 'op': 11, 'd': None}
[2025-06-06 00:03:19] [DEBUG   ] discord.gateway: Keeping shard ID None websocket alive with sequence 8.
[2025-06-06 00:03:19] [DEBUG   ] discord.gateway: For Shard ID None: WebSocket Event: {'t': None, 's': None, 'op': 11, 'd': None}
[2025-06-06 00:04:01] [DEBUG   ] discord.gateway: Keeping shard ID None websocket alive with sequence 8.
[2025-06-06 00:04:01] [DEBUG   ] discord.gateway: For Shard ID None: WebSocket Event: {'t': None, 's': None, 'op': 11, 'd': None}
[2025-06-06 00:04:42] [DEBUG   ] discord.gateway: Keeping shard ID None websocket alive with sequence 8.
[2025-06-06 00:04:42] [DEBUG   ] discord.gateway: For Shard ID None: WebSocket Event: {'t': None, 's': None, 'op': 11, 'd': None}
[2025-06-06 00:05:23] [DEBUG   ] discord.gateway: Keeping shard ID None websocket alive with sequence 8.
[2025-06-06 00:05:23] [DEBUG   ] discord.gateway: For Shard ID None: WebSocket Event: {'t': None, 's': None, 'op': 11, 'd': None}
[2025-06-06 00:06:04] [DEBUG   ] discord.gateway: Keeping shard ID None websocket alive with sequence 8.
[2025-06-06 00:06:04] [DEBUG   ] discord.gateway: For Shard ID None: WebSocket Event: {'t': None, 's': None, 'op': 11, 'd': None}
[2025-06-06 00:06:46] [DEBUG   ] discord.gateway: Keeping shard ID None websocket alive with sequence 8.
[2025-06-06 00:06:46] [DEBUG   ] discord.gateway: For Shard ID None: WebSocket Event: {'t': None, 's': None, 'op': 11, 'd': None}
[2025-06-06 00:07:27] [DEBUG   ] discord.gateway: Keeping shard ID None websocket alive with sequence 8.
[2025-06-06 00:07:27] [DEBUG   ] discord.gateway: For Shard ID None: WebSocket Event: {'t': None, 's': None, 'op': 11, 'd': None}
[2025-06-06 00:08:08] [DEBUG   ] discord.gateway: Keeping shard ID None websocket alive with sequence 8.
[2025-06-06 00:08:08] [DEBUG   ] discord.gateway: For Shard ID None: WebSocket Event: {'t': None, 's': None, 'op': 11, 'd': None}
[2025-06-06 00:08:49] [DEBUG   ] discord.gateway: Keeping shard ID None websocket alive with sequence 8.
[2025-06-06 00:08:49] [DEBUG   ] discord.gateway: For Shard ID None: WebSocket Event: {'t': None, 's': None, 'op': 11, 'd': None}
[2025-06-06 00:09:31] [DEBUG   ] discord.gateway: Keeping shard ID None websocket alive with sequence 8.
[2025-06-06 00:09:31] [DEBUG   ] discord.gateway: For Shard ID None: WebSocket Event: {'t': None, 's': None, 'op': 11, 'd': None}
[2025-06-06 00:10:12] [DEBUG   ] discord.gateway: Keeping shard ID None websocket alive with sequence 8.
[2025-06-06 00:10:12] [DEBUG   ] discord.gateway: For Shard ID None: WebSocket Event: {'t': None, 's': None, 'op': 11, 'd': None}
[2025-06-06 00:10:53] [DEBUG   ] discord.gateway: Keeping shard ID None websocket alive with sequence 8.
[2025-06-06 00:10:53] [DEBUG   ] discord.gateway: For Shard ID None: WebSocket Event: {'t': None, 's': None, 'op': 11, 'd': None}
[2025-06-06 00:11:34] [DEBUG   ] discord.gateway: Keeping shard ID None websocket alive with sequence 8.
[2025-06-06 00:11:35] [DEBUG   ] discord.gateway: For Shard ID None: WebSocket Event: {'t': None, 's': None, 'op': 11, 'd': None}
[2025-06-06 00:12:16] [DEBUG   ] discord.gateway: Keeping shard ID None websocket alive with sequence 8.
[2025-06-06 00:12:16] [DEBUG   ] discord.gateway: For Shard ID None: WebSocket Event: {'t': None, 's': None, 'op': 11, 'd': None}
[2025-06-06 00:12:57] [DEBUG   ] discord.gateway: Keeping shard ID None websocket alive with sequence 8.
[2025-06-06 00:12:57] [DEBUG   ] discord.gateway: For Shard ID None: WebSocket Event: {'t': None, 's': None, 'op': 11, 'd': None}
[2025-06-06 00:13:38] [DEBUG   ] discord.gateway: Keeping shard ID None websocket alive with sequence 8.
[2025-06-06 00:13:38] [DEBUG   ] discord.gateway: For Shard ID None: WebSocket Event: {'t': None, 's': None, 'op': 11, 'd': None}
[2025-06-06 00:14:19] [DEBUG   ] discord.gateway: Keeping shard ID None websocket alive with sequence 8.
[2025-06-06 00:14:20] [DEBUG   ] discord.gateway: For Shard ID None: WebSocket Event: {'t': None, 's': None, 'op': 11, 'd': None}
[2025-06-06 00:15:01] [DEBUG   ] discord.gateway: Keeping shard ID None websocket alive with sequence 8.
[2025-06-06 00:15:01] [DEBUG   ] discord.gateway: For Shard ID None: WebSocket Event: {'t': None, 's': None, 'op': 11, 'd': None}
[2025-06-06 00:15:42] [DEBUG   ] discord.gateway: Keeping shard ID None websocket alive with sequence 8.
[2025-06-06 00:15:42] [DEBUG   ] discord.gateway: For Shard ID None: WebSocket Event: {'t': None, 's': None, 'op': 11, 'd': None}
[2025-06-06 00:16:23] [DEBUG   ] discord.gateway: Keeping shard ID None websocket alive with sequence 8.
[2025-06-06 00:16:23] [DEBUG   ] discord.gateway: For Shard ID None: WebSocket Event: {'t': None, 's': None, 'op': 11, 'd': None}
[2025-06-06 00:17:04] [DEBUG   ] discord.gateway: Keeping shard ID None websocket alive with sequence 8.
[2025-06-06 00:17:05] [DEBUG   ] discord.gateway: For Shard ID None: WebSocket Event: {'t': None, 's': None, 'op': 11, 'd': None}
[2025-06-06 00:17:46] [DEBUG   ] discord.gateway: Keeping shard ID None websocket alive with sequence 8.
[2025-06-06 00:17:46] [DEBUG   ] discord.gateway: For Shard ID None: WebSocket Event: {'t': None, 's': None, 'op': 11, 'd': None}
[2025-06-06 00:18:27] [DEBUG   ] discord.gateway: Keeping shard ID None websocket alive with sequence 8.
[2025-06-06 00:18:27] [DEBUG   ] discord.gateway: For Shard ID None: WebSocket Event: {'t': None, 's': None, 'op': 11, 'd': None}
[2025-06-06 00:19:08] [DEBUG   ] discord.gateway: Keeping shard ID None websocket alive with sequence 8.
[2025-06-06 00:19:08] [DEBUG   ] discord.gateway: For Shard ID None: WebSocket Event: {'t': None, 's': None, 'op': 11, 'd': None}
[2025-06-06 00:19:50] [DEBUG   ] discord.gateway: Keeping shard ID None websocket alive with sequence 8.
[2025-06-06 00:19:50] [DEBUG   ] discord.gateway: For Shard ID None: WebSocket Event: {'t': None, 's': None, 'op': 11, 'd': None}
[2025-06-06 00:20:31] [DEBUG   ] discord.gateway: Keeping shard ID None websocket alive with sequence 8.
[2025-06-06 00:20:31] [DEBUG   ] discord.gateway: For Shard ID None: WebSocket Event: {'t': None, 's': None, 'op': 11, 'd': None}
[2025-06-06 00:21:12] [DEBUG   ] discord.gateway: Keeping shard ID None websocket alive with sequence 8.
[2025-06-06 00:21:12] [DEBUG   ] discord.gateway: For Shard ID None: WebSocket Event: {'t': None, 's': None, 'op': 11, 'd': None}
[2025-06-06 00:21:53] [DEBUG   ] discord.gateway: Keeping shard ID None websocket alive with sequence 8.
[2025-06-06 00:21:53] [DEBUG   ] discord.gateway: For Shard ID None: WebSocket Event: {'t': None, 's': None, 'op': 11, 'd': None}
[2025-06-06 00:22:35] [DEBUG   ] discord.gateway: Keeping shard ID None websocket alive with sequence 8.
[2025-06-06 00:22:35] [DEBUG   ] discord.gateway: For Shard ID None: WebSocket Event: {'t': None, 's': None, 'op': 11, 'd': None}
[2025-06-06 00:23:16] [DEBUG   ] discord.gateway: Keeping shard ID None websocket alive with sequence 8.
[2025-06-06 00:23:16] [DEBUG   ] discord.gateway: For Shard ID None: WebSocket Event: {'t': None, 's': None, 'op': 11, 'd': None}
[2025-06-06 00:23:57] [DEBUG   ] discord.gateway: Keeping shard ID None websocket alive with sequence 8.
[2025-06-06 00:23:57] [DEBUG   ] discord.gateway: For Shard ID None: WebSocket Event: {'t': None, 's': None, 'op': 11, 'd': None}
[2025-06-06 00:24:38] [DEBUG   ] discord.gateway: Keeping shard ID None websocket alive with sequence 8.
[2025-06-06 00:24:38] [DEBUG   ] discord.gateway: For Shard ID None: WebSocket Event: {'t': None, 's': None, 'op': 11, 'd': None}
[2025-06-06 00:25:20] [DEBUG   ] discord.gateway: Keeping shard ID None websocket alive with sequence 8.
[2025-06-06 00:25:20] [DEBUG   ] discord.gateway: For Shard ID None: WebSocket Event: {'t': None, 's': None, 'op': 11, 'd': None}
[2025-06-06 00:26:01] [DEBUG   ] discord.gateway: Keeping shard ID None websocket alive with sequence 8.
[2025-06-06 00:26:01] [DEBUG   ] discord.gateway: For Shard ID None: WebSocket Event: {'t': None, 's': None, 'op': 11, 'd': None}
[2025-06-06 00:26:42] [DEBUG   ] discord.gateway: Keeping shard ID None websocket alive with sequence 8.
[2025-06-06 00:26:42] [DEBUG   ] discord.gateway: For Shard ID None: WebSocket Event: {'t': None, 's': None, 'op': 11, 'd': None}
[2025-06-06 00:27:23] [DEBUG   ] discord.gateway: Keeping shard ID None websocket alive with sequence 8.
[2025-06-06 00:27:23] [DEBUG   ] discord.gateway: For Shard ID None: WebSocket Event: {'t': None, 's': None, 'op': 11, 'd': None}
[2025-06-06 00:28:05] [DEBUG   ] discord.gateway: Keeping shard ID None websocket alive with sequence 8.
[2025-06-06 00:28:05] [DEBUG   ] discord.gateway: For Shard ID None: WebSocket Event: {'t': None, 's': None, 'op': 11, 'd': None}
[2025-06-06 00:28:46] [DEBUG   ] discord.gateway: Keeping shard ID None websocket alive with sequence 8.
[2025-06-06 00:28:46] [DEBUG   ] discord.gateway: For Shard ID None: WebSocket Event: {'t': None, 's': None, 'op': 11, 'd': None}
[2025-06-06 00:29:27] [DEBUG   ] discord.gateway: Keeping shard ID None websocket alive with sequence 8.
[2025-06-06 00:29:27] [DEBUG   ] discord.gateway: For Shard ID None: WebSocket Event: {'t': None, 's': None, 'op': 11, 'd': None}
[2025-06-06 00:30:08] [DEBUG   ] discord.gateway: Keeping shard ID None websocket alive with sequence 8.
[2025-06-06 00:30:09] [DEBUG   ] discord.gateway: For Shard ID None: WebSocket Event: {'t': None, 's': None, 'op': 11, 'd': None}
[2025-06-06 00:30:50] [DEBUG   ] discord.gateway: Keeping shard ID None websocket alive with sequence 8.
[2025-06-06 00:30:50] [DEBUG   ] discord.gateway: For Shard ID None: WebSocket Event: {'t': None, 's': None, 'op': 11, 'd': None}
[2025-06-06 00:31:31] [DEBUG   ] discord.gateway: Keeping shard ID None websocket alive with sequence 8.
[2025-06-06 00:31:31] [DEBUG   ] discord.gateway: For Shard ID None: WebSocket Event: {'t': None, 's': None, 'op': 11, 'd': None}
[2025-06-06 00:32:12] [DEBUG   ] discord.gateway: Keeping shard ID None websocket alive with sequence 8.
[2025-06-06 00:32:12] [DEBUG   ] discord.gateway: For Shard ID None: WebSocket Event: {'t': None, 's': None, 'op': 11, 'd': None}
[2025-06-06 00:32:53] [DEBUG   ] discord.gateway: Keeping shard ID None websocket alive with sequence 8.
[2025-06-06 00:32:54] [DEBUG   ] discord.gateway: For Shard ID None: WebSocket Event: {'t': None, 's': None, 'op': 11, 'd': None}
[2025-06-06 00:33:35] [DEBUG   ] discord.gateway: Keeping shard ID None websocket alive with sequence 8.
[2025-06-06 00:33:35] [DEBUG   ] discord.gateway: For Shard ID None: WebSocket Event: {'t': None, 's': None, 'op': 11, 'd': None}
[2025-06-06 00:34:16] [DEBUG   ] discord.gateway: Keeping shard ID None websocket alive with sequence 8.
[2025-06-06 00:34:16] [DEBUG   ] discord.gateway: For Shard ID None: WebSocket Event: {'t': None, 's': None, 'op': 11, 'd': None}
[2025-06-06 00:34:57] [DEBUG   ] discord.gateway: Keeping shard ID None websocket alive with sequence 8.
[2025-06-06 00:34:57] [DEBUG   ] discord.gateway: For Shard ID None: WebSocket Event: {'t': None, 's': None, 'op': 11, 'd': None}
[2025-06-06 00:35:38] [DEBUG   ] discord.gateway: Keeping shard ID None websocket alive with sequence 8.
[2025-06-06 00:35:39] [DEBUG   ] discord.gateway: For Shard ID None: WebSocket Event: {'t': None, 's': None, 'op': 11, 'd': None}
[2025-06-06 00:36:20] [DEBUG   ] discord.gateway: Keeping shard ID None websocket alive with sequence 8.
[2025-06-06 00:36:20] [DEBUG   ] discord.gateway: For Shard ID None: WebSocket Event: {'t': None, 's': None, 'op': 11, 'd': None}
[2025-06-06 00:37:01] [DEBUG   ] discord.gateway: Keeping shard ID None websocket alive with sequence 8.
[2025-06-06 00:37:01] [DEBUG   ] discord.gateway: For Shard ID None: WebSocket Event: {'t': None, 's': None, 'op': 11, 'd': None}
[2025-06-06 00:37:42] [DEBUG   ] discord.gateway: Keeping shard ID None websocket alive with sequence 8.
[2025-06-06 00:37:42] [DEBUG   ] discord.gateway: For Shard ID None: WebSocket Event: {'t': None, 's': None, 'op': 11, 'd': None}
[2025-06-06 00:38:23] [DEBUG   ] discord.gateway: Keeping shard ID None websocket alive with sequence 8.
[2025-06-06 00:38:24] [DEBUG   ] discord.gateway: For Shard ID None: WebSocket Event: {'t': None, 's': None, 'op': 11, 'd': None}
[2025-06-06 00:39:05] [DEBUG   ] discord.gateway: Keeping shard ID None websocket alive with sequence 8.
[2025-06-06 00:39:05] [DEBUG   ] discord.gateway: For Shard ID None: WebSocket Event: {'t': None, 's': None, 'op': 11, 'd': None}
[2025-06-06 00:39:46] [DEBUG   ] discord.gateway: Keeping shard ID None websocket alive with sequence 8.
[2025-06-06 00:39:46] [DEBUG   ] discord.gateway: For Shard ID None: WebSocket Event: {'t': None, 's': None, 'op': 11, 'd': None}
[2025-06-06 00:40:27] [DEBUG   ] discord.gateway: Keeping shard ID None websocket alive with sequence 8.
[2025-06-06 00:40:27] [DEBUG   ] discord.gateway: For Shard ID None: WebSocket Event: {'t': None, 's': None, 'op': 11, 'd': None}
[2025-06-06 00:41:09] [DEBUG   ] discord.gateway: Keeping shard ID None websocket alive with sequence 8.
[2025-06-06 00:41:09] [DEBUG   ] discord.gateway: For Shard ID None: WebSocket Event: {'t': None, 's': None, 'op': 11, 'd': None}
[2025-06-06 00:41:50] [DEBUG   ] discord.gateway: Keeping shard ID None websocket alive with sequence 8.
[2025-06-06 00:41:50] [DEBUG   ] discord.gateway: For Shard ID None: WebSocket Event: {'t': None, 's': None, 'op': 11, 'd': None}
[2025-06-06 00:42:31] [DEBUG   ] discord.gateway: Keeping shard ID None websocket alive with sequence 8.
[2025-06-06 00:42:31] [DEBUG   ] discord.gateway: For Shard ID None: WebSocket Event: {'t': None, 's': None, 'op': 11, 'd': None}
[2025-06-06 00:43:12] [DEBUG   ] discord.gateway: Keeping shard ID None websocket alive with sequence 8.
[2025-06-06 00:43:12] [DEBUG   ] discord.gateway: For Shard ID None: WebSocket Event: {'t': None, 's': None, 'op': 11, 'd': None}
[2025-06-06 00:43:54] [DEBUG   ] discord.gateway: Keeping shard ID None websocket alive with sequence 8.
[2025-06-06 00:43:54] [DEBUG   ] discord.gateway: For Shard ID None: WebSocket Event: {'t': None, 's': None, 'op': 11, 'd': None}
[2025-06-06 00:44:35] [DEBUG   ] discord.gateway: Keeping shard ID None websocket alive with sequence 8.
[2025-06-06 00:44:35] [DEBUG   ] discord.gateway: For Shard ID None: WebSocket Event: {'t': None, 's': None, 'op': 11, 'd': None}
[2025-06-06 00:45:16] [DEBUG   ] discord.gateway: Keeping shard ID None websocket alive with sequence 8.
[2025-06-06 00:45:16] [DEBUG   ] discord.gateway: For Shard ID None: WebSocket Event: {'t': None, 's': None, 'op': 11, 'd': None}
[2025-06-06 00:45:57] [DEBUG   ] discord.gateway: Keeping shard ID None websocket alive with sequence 8.
[2025-06-06 00:45:57] [DEBUG   ] discord.gateway: For Shard ID None: WebSocket Event: {'t': None, 's': None, 'op': 11, 'd': None}
[2025-06-06 00:46:39] [DEBUG   ] discord.gateway: Keeping shard ID None websocket alive with sequence 8.
[2025-06-06 00:46:39] [DEBUG   ] discord.gateway: For Shard ID None: WebSocket Event: {'t': None, 's': None, 'op': 11, 'd': None}
[2025-06-06 00:47:20] [DEBUG   ] discord.gateway: Keeping shard ID None websocket alive with sequence 8.
[2025-06-06 00:47:20] [DEBUG   ] discord.gateway: For Shard ID None: WebSocket Event: {'t': None, 's': None, 'op': 11, 'd': None}
[2025-06-06 00:48:01] [DEBUG   ] discord.gateway: Keeping shard ID None websocket alive with sequence 8.
[2025-06-06 00:48:01] [DEBUG   ] discord.gateway: For Shard ID None: WebSocket Event: {'t': None, 's': None, 'op': 11, 'd': None}
[2025-06-06 00:48:42] [DEBUG   ] discord.gateway: Keeping shard ID None websocket alive with sequence 8.
[2025-06-06 00:48:42] [DEBUG   ] discord.gateway: For Shard ID None: WebSocket Event: {'t': None, 's': None, 'op': 11, 'd': None}
[2025-06-06 00:49:24] [DEBUG   ] discord.gateway: Keeping shard ID None websocket alive with sequence 8.
[2025-06-06 00:49:24] [DEBUG   ] discord.gateway: For Shard ID None: WebSocket Event: {'t': None, 's': None, 'op': 11, 'd': None}
[2025-06-06 00:50:05] [DEBUG   ] discord.gateway: Keeping shard ID None websocket alive with sequence 8.
[2025-06-06 00:50:05] [DEBUG   ] discord.gateway: For Shard ID None: WebSocket Event: {'t': None, 's': None, 'op': 11, 'd': None}
[2025-06-06 00:50:46] [DEBUG   ] discord.gateway: Keeping shard ID None websocket alive with sequence 8.
[2025-06-06 00:50:46] [DEBUG   ] discord.gateway: For Shard ID None: WebSocket Event: {'t': None, 's': None, 'op': 11, 'd': None}
[2025-06-06 00:51:27] [DEBUG   ] discord.gateway: Keeping shard ID None websocket alive with sequence 8.
[2025-06-06 00:51:27] [DEBUG   ] discord.gateway: For Shard ID None: WebSocket Event: {'t': None, 's': None, 'op': 11, 'd': None}
[2025-06-06 00:52:09] [DEBUG   ] discord.gateway: Keeping shard ID None websocket alive with sequence 8.
[2025-06-06 00:52:09] [DEBUG   ] discord.gateway: For Shard ID None: WebSocket Event: {'t': None, 's': None, 'op': 11, 'd': None}
[2025-06-06 00:52:50] [DEBUG   ] discord.gateway: Keeping shard ID None websocket alive with sequence 8.
[2025-06-06 00:52:50] [DEBUG   ] discord.gateway: For Shard ID None: WebSocket Event: {'t': None, 's': None, 'op': 11, 'd': None}
[2025-06-06 00:53:31] [DEBUG   ] discord.gateway: Keeping shard ID None websocket alive with sequence 8.
[2025-06-06 00:53:31] [DEBUG   ] discord.gateway: For Shard ID None: WebSocket Event: {'t': None, 's': None, 'op': 11, 'd': None}
[2025-06-06 00:54:12] [DEBUG   ] discord.gateway: Keeping shard ID None websocket alive with sequence 8.
[2025-06-06 00:54:13] [DEBUG   ] discord.gateway: For Shard ID None: WebSocket Event: {'t': None, 's': None, 'op': 11, 'd': None}
[2025-06-06 00:54:54] [DEBUG   ] discord.gateway: Keeping shard ID None websocket alive with sequence 8.
[2025-06-06 00:54:54] [DEBUG   ] discord.gateway: For Shard ID None: WebSocket Event: {'t': None, 's': None, 'op': 11, 'd': None}
[2025-06-06 00:55:35] [DEBUG   ] discord.gateway: Keeping shard ID None websocket alive with sequence 8.
[2025-06-06 00:55:35] [DEBUG   ] discord.gateway: For Shard ID None: WebSocket Event: {'t': None, 's': None, 'op': 11, 'd': None}
[2025-06-06 00:56:16] [DEBUG   ] discord.gateway: Keeping shard ID None websocket alive with sequence 8.
[2025-06-06 00:56:16] [DEBUG   ] discord.gateway: For Shard ID None: WebSocket Event: {'t': None, 's': None, 'op': 11, 'd': None}
[2025-06-06 00:56:57] [DEBUG   ] discord.gateway: Keeping shard ID None websocket alive with sequence 8.
[2025-06-06 00:56:58] [DEBUG   ] discord.gateway: For Shard ID None: WebSocket Event: {'t': None, 's': None, 'op': 11, 'd': None}
[2025-06-06 00:57:39] [DEBUG   ] discord.gateway: Keeping shard ID None websocket alive with sequence 8.
[2025-06-06 00:57:39] [DEBUG   ] discord.gateway: For Shard ID None: WebSocket Event: {'t': None, 's': None, 'op': 11, 'd': None}
[2025-06-06 00:58:20] [DEBUG   ] discord.gateway: Keeping shard ID None websocket alive with sequence 8.
[2025-06-06 00:58:20] [DEBUG   ] discord.gateway: For Shard ID None: WebSocket Event: {'t': None, 's': None, 'op': 11, 'd': None}
[2025-06-06 00:59:01] [DEBUG   ] discord.gateway: Keeping shard ID None websocket alive with sequence 8.
[2025-06-06 00:59:01] [DEBUG   ] discord.gateway: For Shard ID None: WebSocket Event: {'t': None, 's': None, 'op': 11, 'd': None}
[2025-06-06 00:59:42] [DEBUG   ] discord.gateway: Keeping shard ID None websocket alive with sequence 8.
[2025-06-06 00:59:43] [DEBUG   ] discord.gateway: For Shard ID None: WebSocket Event: {'t': None, 's': None, 'op': 11, 'd': None}
[2025-06-06 01:00:24] [DEBUG   ] discord.gateway: Keeping shard ID None websocket alive with sequence 8.
[2025-06-06 01:00:24] [DEBUG   ] discord.gateway: For Shard ID None: WebSocket Event: {'t': None, 's': None, 'op': 11, 'd': None}
[2025-06-06 01:01:05] [DEBUG   ] discord.gateway: Keeping shard ID None websocket alive with sequence 8.
[2025-06-06 01:01:05] [DEBUG   ] discord.gateway: For Shard ID None: WebSocket Event: {'t': None, 's': None, 'op': 11, 'd': None}
[2025-06-06 01:01:46] [DEBUG   ] discord.gateway: Keeping shard ID None websocket alive with sequence 8.
[2025-06-06 01:01:46] [DEBUG   ] discord.gateway: For Shard ID None: WebSocket Event: {'t': None, 's': None, 'op': 11, 'd': None}
[2025-06-06 01:02:28] [DEBUG   ] discord.gateway: Keeping shard ID None websocket alive with sequence 8.
[2025-06-06 01:02:28] [DEBUG   ] discord.gateway: For Shard ID None: WebSocket Event: {'t': None, 's': None, 'op': 11, 'd': None}
[2025-06-06 01:03:09] [DEBUG   ] discord.gateway: Keeping shard ID None websocket alive with sequence 8.
[2025-06-06 01:03:09] [DEBUG   ] discord.gateway: For Shard ID None: WebSocket Event: {'t': None, 's': None, 'op': 11, 'd': None}
[2025-06-06 01:03:50] [DEBUG   ] discord.gateway: Keeping shard ID None websocket alive with sequence 8.
[2025-06-06 01:03:50] [DEBUG   ] discord.gateway: For Shard ID None: WebSocket Event: {'t': None, 's': None, 'op': 11, 'd': None}
[2025-06-06 01:04:31] [DEBUG   ] discord.gateway: Keeping shard ID None websocket alive with sequence 8.
[2025-06-06 01:04:31] [DEBUG   ] discord.gateway: For Shard ID None: WebSocket Event: {'t': None, 's': None, 'op': 11, 'd': None}
[2025-06-06 01:05:13] [DEBUG   ] discord.gateway: Keeping shard ID None websocket alive with sequence 8.
[2025-06-06 01:05:13] [DEBUG   ] discord.gateway: For Shard ID None: WebSocket Event: {'t': None, 's': None, 'op': 11, 'd': None}
[2025-06-06 01:05:54] [DEBUG   ] discord.gateway: Keeping shard ID None websocket alive with sequence 8.
[2025-06-06 01:05:54] [DEBUG   ] discord.gateway: For Shard ID None: WebSocket Event: {'t': None, 's': None, 'op': 11, 'd': None}
[2025-06-06 01:06:35] [DEBUG   ] discord.gateway: Keeping shard ID None websocket alive with sequence 8.
[2025-06-06 01:06:35] [DEBUG   ] discord.gateway: For Shard ID None: WebSocket Event: {'t': None, 's': None, 'op': 11, 'd': None}
[2025-06-06 01:07:16] [DEBUG   ] discord.gateway: Keeping shard ID None websocket alive with sequence 8.
[2025-06-06 01:07:16] [DEBUG   ] discord.gateway: For Shard ID None: WebSocket Event: {'t': None, 's': None, 'op': 11, 'd': None}
[2025-06-06 01:07:58] [DEBUG   ] discord.gateway: Keeping shard ID None websocket alive with sequence 8.
[2025-06-06 01:07:58] [DEBUG   ] discord.gateway: For Shard ID None: WebSocket Event: {'t': None, 's': None, 'op': 11, 'd': None}
[2025-06-06 01:08:39] [DEBUG   ] discord.gateway: Keeping shard ID None websocket alive with sequence 8.
[2025-06-06 01:08:39] [DEBUG   ] discord.gateway: For Shard ID None: WebSocket Event: {'t': None, 's': None, 'op': 11, 'd': None}
[2025-06-06 01:09:20] [DEBUG   ] discord.gateway: Keeping shard ID None websocket alive with sequence 8.
[2025-06-06 01:09:20] [DEBUG   ] discord.gateway: For Shard ID None: WebSocket Event: {'t': None, 's': None, 'op': 11, 'd': None}
[2025-06-06 01:10:01] [DEBUG   ] discord.gateway: Keeping shard ID None websocket alive with sequence 8.
[2025-06-06 01:10:01] [DEBUG   ] discord.gateway: For Shard ID None: WebSocket Event: {'t': None, 's': None, 'op': 11, 'd': None}
[2025-06-06 01:10:43] [DEBUG   ] discord.gateway: Keeping shard ID None websocket alive with sequence 8.
[2025-06-06 01:10:43] [DEBUG   ] discord.gateway: For Shard ID None: WebSocket Event: {'t': None, 's': None, 'op': 11, 'd': None}
[2025-06-06 01:11:24] [DEBUG   ] discord.gateway: Keeping shard ID None websocket alive with sequence 8.
[2025-06-06 01:11:24] [DEBUG   ] discord.gateway: For Shard ID None: WebSocket Event: {'t': None, 's': None, 'op': 11, 'd': None}
[2025-06-06 01:12:05] [DEBUG   ] discord.gateway: Keeping shard ID None websocket alive with sequence 8.
[2025-06-06 01:12:05] [DEBUG   ] discord.gateway: For Shard ID None: WebSocket Event: {'t': None, 's': None, 'op': 11, 'd': None}
[2025-06-06 01:12:46] [DEBUG   ] discord.gateway: Keeping shard ID None websocket alive with sequence 8.
[2025-06-06 01:12:47] [DEBUG   ] discord.gateway: For Shard ID None: WebSocket Event: {'t': None, 's': None, 'op': 11, 'd': None}
[2025-06-06 01:13:28] [DEBUG   ] discord.gateway: Keeping shard ID None websocket alive with sequence 8.
[2025-06-06 01:13:28] [DEBUG   ] discord.gateway: For Shard ID None: WebSocket Event: {'t': None, 's': None, 'op': 11, 'd': None}
[2025-06-06 01:14:09] [DEBUG   ] discord.gateway: Keeping shard ID None websocket alive with sequence 8.
[2025-06-06 01:14:09] [DEBUG   ] discord.gateway: For Shard ID None: WebSocket Event: {'t': None, 's': None, 'op': 11, 'd': None}
[2025-06-06 01:14:50] [DEBUG   ] discord.gateway: Keeping shard ID None websocket alive with sequence 8.
[2025-06-06 01:14:50] [DEBUG   ] discord.gateway: For Shard ID None: WebSocket Event: {'t': None, 's': None, 'op': 11, 'd': None}
[2025-06-06 01:15:31] [DEBUG   ] discord.gateway: Keeping shard ID None websocket alive with sequence 8.
[2025-06-06 01:15:32] [DEBUG   ] discord.gateway: For Shard ID None: WebSocket Event: {'t': None, 's': None, 'op': 11, 'd': None}
[2025-06-06 01:16:13] [DEBUG   ] discord.gateway: Keeping shard ID None websocket alive with sequence 8.
[2025-06-06 01:16:13] [DEBUG   ] discord.gateway: For Shard ID None: WebSocket Event: {'t': None, 's': None, 'op': 11, 'd': None}
[2025-06-06 01:16:54] [DEBUG   ] discord.gateway: Keeping shard ID None websocket alive with sequence 8.
[2025-06-06 01:16:54] [DEBUG   ] discord.gateway: For Shard ID None: WebSocket Event: {'t': None, 's': None, 'op': 11, 'd': None}
[2025-06-06 01:17:35] [DEBUG   ] discord.gateway: Keeping shard ID None websocket alive with sequence 8.
[2025-06-06 01:17:35] [DEBUG   ] discord.gateway: For Shard ID None: WebSocket Event: {'t': None, 's': None, 'op': 11, 'd': None}
[2025-06-06 01:18:16] [DEBUG   ] discord.gateway: Keeping shard ID None websocket alive with sequence 8.
[2025-06-06 01:18:17] [DEBUG   ] discord.gateway: For Shard ID None: WebSocket Event: {'t': None, 's': None, 'op': 11, 'd': None}
[2025-06-06 01:18:58] [DEBUG   ] discord.gateway: Keeping shard ID None websocket alive with sequence 8.
[2025-06-06 01:18:58] [DEBUG   ] discord.gateway: For Shard ID None: WebSocket Event: {'t': None, 's': None, 'op': 11, 'd': None}
[2025-06-06 01:19:39] [DEBUG   ] discord.gateway: Keeping shard ID None websocket alive with sequence 8.
[2025-06-06 01:19:39] [DEBUG   ] discord.gateway: For Shard ID None: WebSocket Event: {'t': None, 's': None, 'op': 11, 'd': None}
[2025-06-06 01:20:20] [DEBUG   ] discord.gateway: Keeping shard ID None websocket alive with sequence 8.
[2025-06-06 01:20:20] [DEBUG   ] discord.gateway: For Shard ID None: WebSocket Event: {'t': None, 's': None, 'op': 11, 'd': None}
[2025-06-06 01:21:02] [DEBUG   ] discord.gateway: Keeping shard ID None websocket alive with sequence 8.
[2025-06-06 01:21:02] [DEBUG   ] discord.gateway: For Shard ID None: WebSocket Event: {'t': None, 's': None, 'op': 11, 'd': None}
[2025-06-06 01:21:43] [DEBUG   ] discord.gateway: Keeping shard ID None websocket alive with sequence 8.
[2025-06-06 01:21:43] [DEBUG   ] discord.gateway: For Shard ID None: WebSocket Event: {'t': None, 's': None, 'op': 11, 'd': None}
[2025-06-06 01:22:24] [DEBUG   ] discord.gateway: Keeping shard ID None websocket alive with sequence 8.
[2025-06-06 01:22:24] [DEBUG   ] discord.gateway: For Shard ID None: WebSocket Event: {'t': None, 's': None, 'op': 11, 'd': None}
[2025-06-06 01:23:05] [DEBUG   ] discord.gateway: Keeping shard ID None websocket alive with sequence 8.
[2025-06-06 01:23:05] [DEBUG   ] discord.gateway: For Shard ID None: WebSocket Event: {'t': None, 's': None, 'op': 11, 'd': None}
[2025-06-06 01:23:47] [DEBUG   ] discord.gateway: Keeping shard ID None websocket alive with sequence 8.
[2025-06-06 01:23:47] [DEBUG   ] discord.gateway: For Shard ID None: WebSocket Event: {'t': None, 's': None, 'op': 11, 'd': None}
[2025-06-06 01:24:28] [DEBUG   ] discord.gateway: Keeping shard ID None websocket alive with sequence 8.
[2025-06-06 01:24:28] [DEBUG   ] discord.gateway: For Shard ID None: WebSocket Event: {'t': None, 's': None, 'op': 11, 'd': None}
[2025-06-06 01:25:09] [DEBUG   ] discord.gateway: Keeping shard ID None websocket alive with sequence 8.
[2025-06-06 01:25:09] [DEBUG   ] discord.gateway: For Shard ID None: WebSocket Event: {'t': None, 's': None, 'op': 11, 'd': None}
[2025-06-06 01:25:50] [DEBUG   ] discord.gateway: Keeping shard ID None websocket alive with sequence 8.
[2025-06-06 01:25:50] [DEBUG   ] discord.gateway: For Shard ID None: WebSocket Event: {'t': None, 's': None, 'op': 11, 'd': None}
[2025-06-06 01:26:32] [DEBUG   ] discord.gateway: Keeping shard ID None websocket alive with sequence 8.
[2025-06-06 01:26:32] [DEBUG   ] discord.gateway: For Shard ID None: WebSocket Event: {'t': None, 's': None, 'op': 11, 'd': None}
[2025-06-06 01:27:13] [DEBUG   ] discord.gateway: Keeping shard ID None websocket alive with sequence 8.
[2025-06-06 01:27:13] [DEBUG   ] discord.gateway: For Shard ID None: WebSocket Event: {'t': None, 's': None, 'op': 11, 'd': None}
[2025-06-06 01:27:54] [DEBUG   ] discord.gateway: Keeping shard ID None websocket alive with sequence 8.
[2025-06-06 01:27:54] [DEBUG   ] discord.gateway: For Shard ID None: WebSocket Event: {'t': None, 's': None, 'op': 11, 'd': None}
[2025-06-06 01:28:35] [DEBUG   ] discord.gateway: Keeping shard ID None websocket alive with sequence 8.
[2025-06-06 01:28:35] [DEBUG   ] discord.gateway: For Shard ID None: WebSocket Event: {'t': None, 's': None, 'op': 11, 'd': None}
[2025-06-06 01:29:17] [DEBUG   ] discord.gateway: Keeping shard ID None websocket alive with sequence 8.
[2025-06-06 01:29:17] [DEBUG   ] discord.gateway: For Shard ID None: WebSocket Event: {'t': None, 's': None, 'op': 11, 'd': None}
[2025-06-06 01:29:58] [DEBUG   ] discord.gateway: Keeping shard ID None websocket alive with sequence 8.
[2025-06-06 01:29:58] [DEBUG   ] discord.gateway: For Shard ID None: WebSocket Event: {'t': None, 's': None, 'op': 11, 'd': None}
[2025-06-06 01:30:39] [DEBUG   ] discord.gateway: Keeping shard ID None websocket alive with sequence 8.
[2025-06-06 01:30:39] [DEBUG   ] discord.gateway: For Shard ID None: WebSocket Event: {'t': None, 's': None, 'op': 11, 'd': None}
[2025-06-06 01:31:20] [DEBUG   ] discord.gateway: Keeping shard ID None websocket alive with sequence 8.
[2025-06-06 01:31:20] [DEBUG   ] discord.gateway: For Shard ID None: WebSocket Event: {'t': None, 's': None, 'op': 11, 'd': None}
[2025-06-06 01:32:02] [DEBUG   ] discord.gateway: Keeping shard ID None websocket alive with sequence 8.
[2025-06-06 01:32:02] [DEBUG   ] discord.gateway: For Shard ID None: WebSocket Event: {'t': None, 's': None, 'op': 11, 'd': None}
[2025-06-06 01:32:43] [DEBUG   ] discord.gateway: Keeping shard ID None websocket alive with sequence 8.
[2025-06-06 01:32:43] [DEBUG   ] discord.gateway: For Shard ID None: WebSocket Event: {'t': None, 's': None, 'op': 11, 'd': None}
[2025-06-06 01:33:24] [DEBUG   ] discord.gateway: Keeping shard ID None websocket alive with sequence 8.
[2025-06-06 01:33:24] [DEBUG   ] discord.gateway: For Shard ID None: WebSocket Event: {'t': None, 's': None, 'op': 11, 'd': None}
[2025-06-06 01:34:05] [DEBUG   ] discord.gateway: Keeping shard ID None websocket alive with sequence 8.
[2025-06-06 01:34:06] [DEBUG   ] discord.gateway: For Shard ID None: WebSocket Event: {'t': None, 's': None, 'op': 11, 'd': None}
[2025-06-06 01:34:47] [DEBUG   ] discord.gateway: Keeping shard ID None websocket alive with sequence 8.
[2025-06-06 01:34:47] [DEBUG   ] discord.gateway: For Shard ID None: WebSocket Event: {'t': None, 's': None, 'op': 11, 'd': None}
[2025-06-06 01:35:28] [DEBUG   ] discord.gateway: Keeping shard ID None websocket alive with sequence 8.
[2025-06-06 01:35:28] [DEBUG   ] discord.gateway: For Shard ID None: WebSocket Event: {'t': None, 's': None, 'op': 11, 'd': None}
[2025-06-06 01:36:09] [DEBUG   ] discord.gateway: Keeping shard ID None websocket alive with sequence 8.
[2025-06-06 01:36:09] [DEBUG   ] discord.gateway: For Shard ID None: WebSocket Event: {'t': None, 's': None, 'op': 11, 'd': None}
[2025-06-06 01:36:50] [DEBUG   ] discord.gateway: Keeping shard ID None websocket alive with sequence 8.
[2025-06-06 01:36:51] [DEBUG   ] discord.gateway: For Shard ID None: WebSocket Event: {'t': None, 's': None, 'op': 11, 'd': None}
[2025-06-06 01:37:32] [DEBUG   ] discord.gateway: Keeping shard ID None websocket alive with sequence 8.
[2025-06-06 01:37:32] [DEBUG   ] discord.gateway: For Shard ID None: WebSocket Event: {'t': None, 's': None, 'op': 11, 'd': None}
[2025-06-06 01:38:13] [DEBUG   ] discord.gateway: Keeping shard ID None websocket alive with sequence 8.
[2025-06-06 01:38:13] [DEBUG   ] discord.gateway: For Shard ID None: WebSocket Event: {'t': None, 's': None, 'op': 11, 'd': None}
[2025-06-06 01:38:54] [DEBUG   ] discord.gateway: Keeping shard ID None websocket alive with sequence 8.
[2025-06-06 01:38:54] [DEBUG   ] discord.gateway: For Shard ID None: WebSocket Event: {'t': None, 's': None, 'op': 11, 'd': None}
[2025-06-06 01:39:36] [DEBUG   ] discord.gateway: Keeping shard ID None websocket alive with sequence 8.
[2025-06-06 01:39:36] [DEBUG   ] discord.gateway: For Shard ID None: WebSocket Event: {'t': None, 's': None, 'op': 11, 'd': None}
[2025-06-06 01:40:17] [DEBUG   ] discord.gateway: Keeping shard ID None websocket alive with sequence 8.
[2025-06-06 01:40:17] [DEBUG   ] discord.gateway: For Shard ID None: WebSocket Event: {'t': None, 's': None, 'op': 11, 'd': None}
[2025-06-06 01:40:58] [DEBUG   ] discord.gateway: Keeping shard ID None websocket alive with sequence 8.
[2025-06-06 01:40:58] [DEBUG   ] discord.gateway: For Shard ID None: WebSocket Event: {'t': None, 's': None, 'op': 11, 'd': None}
[2025-06-06 01:41:39] [DEBUG   ] discord.gateway: Keeping shard ID None websocket alive with sequence 8.
[2025-06-06 01:41:39] [DEBUG   ] discord.gateway: For Shard ID None: WebSocket Event: {'t': None, 's': None, 'op': 11, 'd': None}
[2025-06-06 01:42:21] [DEBUG   ] discord.gateway: Keeping shard ID None websocket alive with sequence 8.
[2025-06-06 01:42:21] [DEBUG   ] discord.gateway: For Shard ID None: WebSocket Event: {'t': None, 's': None, 'op': 11, 'd': None}
[2025-06-06 01:43:02] [DEBUG   ] discord.gateway: Keeping shard ID None websocket alive with sequence 8.
[2025-06-06 01:43:02] [DEBUG   ] discord.gateway: For Shard ID None: WebSocket Event: {'t': None, 's': None, 'op': 11, 'd': None}
[2025-06-06 01:43:43] [DEBUG   ] discord.gateway: Keeping shard ID None websocket alive with sequence 8.
[2025-06-06 01:43:43] [DEBUG   ] discord.gateway: For Shard ID None: WebSocket Event: {'t': None, 's': None, 'op': 11, 'd': None}
[2025-06-06 01:44:24] [DEBUG   ] discord.gateway: Keeping shard ID None websocket alive with sequence 8.
[2025-06-06 01:44:24] [DEBUG   ] discord.gateway: For Shard ID None: WebSocket Event: {'t': None, 's': None, 'op': 11, 'd': None}
[2025-06-06 01:45:06] [DEBUG   ] discord.gateway: Keeping shard ID None websocket alive with sequence 8.
[2025-06-06 01:45:06] [DEBUG   ] discord.gateway: For Shard ID None: WebSocket Event: {'t': None, 's': None, 'op': 11, 'd': None}
[2025-06-06 01:45:47] [DEBUG   ] discord.gateway: Keeping shard ID None websocket alive with sequence 8.
[2025-06-06 01:45:47] [DEBUG   ] discord.gateway: For Shard ID None: WebSocket Event: {'t': None, 's': None, 'op': 11, 'd': None}
[2025-06-06 01:46:28] [DEBUG   ] discord.gateway: Keeping shard ID None websocket alive with sequence 8.
[2025-06-06 01:46:28] [DEBUG   ] discord.gateway: For Shard ID None: WebSocket Event: {'t': None, 's': None, 'op': 11, 'd': None}
[2025-06-06 01:47:09] [DEBUG   ] discord.gateway: Keeping shard ID None websocket alive with sequence 8.
[2025-06-06 01:47:09] [DEBUG   ] discord.gateway: For Shard ID None: WebSocket Event: {'t': None, 's': None, 'op': 11, 'd': None}
[2025-06-06 01:47:51] [DEBUG   ] discord.gateway: Keeping shard ID None websocket alive with sequence 8.
[2025-06-06 01:47:51] [DEBUG   ] discord.gateway: For Shard ID None: WebSocket Event: {'t': None, 's': None, 'op': 11, 'd': None}
[2025-06-06 01:48:32] [DEBUG   ] discord.gateway: Keeping shard ID None websocket alive with sequence 8.
[2025-06-06 01:48:32] [DEBUG   ] discord.gateway: For Shard ID None: WebSocket Event: {'t': None, 's': None, 'op': 11, 'd': None}
[2025-06-06 01:49:13] [DEBUG   ] discord.gateway: Keeping shard ID None websocket alive with sequence 8.
[2025-06-06 01:49:13] [DEBUG   ] discord.gateway: For Shard ID None: WebSocket Event: {'t': None, 's': None, 'op': 11, 'd': None}
[2025-06-06 01:49:54] [DEBUG   ] discord.gateway: Keeping shard ID None websocket alive with sequence 8.
[2025-06-06 01:49:54] [DEBUG   ] discord.gateway: For Shard ID None: WebSocket Event: {'t': None, 's': None, 'op': 11, 'd': None}
[2025-06-06 01:50:36] [DEBUG   ] discord.gateway: Keeping shard ID None websocket alive with sequence 8.
[2025-06-06 01:50:36] [DEBUG   ] discord.gateway: For Shard ID None: WebSocket Event: {'t': None, 's': None, 'op': 11, 'd': None}
[2025-06-06 01:51:17] [DEBUG   ] discord.gateway: Keeping shard ID None websocket alive with sequence 8.
[2025-06-06 01:51:17] [DEBUG   ] discord.gateway: For Shard ID None: WebSocket Event: {'t': None, 's': None, 'op': 11, 'd': None}
[2025-06-06 01:51:58] [DEBUG   ] discord.gateway: Keeping shard ID None websocket alive with sequence 8.
[2025-06-06 01:51:58] [DEBUG   ] discord.gateway: For Shard ID None: WebSocket Event: {'t': None, 's': None, 'op': 11, 'd': None}
[2025-06-06 01:52:39] [DEBUG   ] discord.gateway: Keeping shard ID None websocket alive with sequence 8.
[2025-06-06 01:52:39] [DEBUG   ] discord.gateway: For Shard ID None: WebSocket Event: {'t': None, 's': None, 'op': 11, 'd': None}
[2025-06-06 01:53:21] [DEBUG   ] discord.gateway: Keeping shard ID None websocket alive with sequence 8.
[2025-06-06 01:53:21] [DEBUG   ] discord.gateway: For Shard ID None: WebSocket Event: {'t': None, 's': None, 'op': 11, 'd': None}
[2025-06-06 01:54:02] [DEBUG   ] discord.gateway: Keeping shard ID None websocket alive with sequence 8.
[2025-06-06 01:54:02] [DEBUG   ] discord.gateway: For Shard ID None: WebSocket Event: {'t': None, 's': None, 'op': 11, 'd': None}
[2025-06-06 01:54:43] [DEBUG   ] discord.gateway: Keeping shard ID None websocket alive with sequence 8.
[2025-06-06 01:54:43] [DEBUG   ] discord.gateway: For Shard ID None: WebSocket Event: {'t': None, 's': None, 'op': 11, 'd': None}
[2025-06-06 01:55:24] [DEBUG   ] discord.gateway: Keeping shard ID None websocket alive with sequence 8.
[2025-06-06 01:55:25] [DEBUG   ] discord.gateway: For Shard ID None: WebSocket Event: {'t': None, 's': None, 'op': 11, 'd': None}
[2025-06-06 01:56:06] [DEBUG   ] discord.gateway: Keeping shard ID None websocket alive with sequence 8.
[2025-06-06 01:56:06] [DEBUG   ] discord.gateway: For Shard ID None: WebSocket Event: {'t': None, 's': None, 'op': 11, 'd': None}
[2025-06-06 01:56:47] [DEBUG   ] discord.gateway: Keeping shard ID None websocket alive with sequence 8.
[2025-06-06 01:56:47] [DEBUG   ] discord.gateway: For Shard ID None: WebSocket Event: {'t': None, 's': None, 'op': 11, 'd': None}
[2025-06-06 01:57:28] [DEBUG   ] discord.gateway: Keeping shard ID None websocket alive with sequence 8.
[2025-06-06 01:57:28] [DEBUG   ] discord.gateway: For Shard ID None: WebSocket Event: {'t': None, 's': None, 'op': 11, 'd': None}
[2025-06-06 01:58:09] [DEBUG   ] discord.gateway: Keeping shard ID None websocket alive with sequence 8.
[2025-06-06 01:58:10] [DEBUG   ] discord.gateway: For Shard ID None: WebSocket Event: {'t': None, 's': None, 'op': 11, 'd': None}
[2025-06-06 01:58:51] [DEBUG   ] discord.gateway: Keeping shard ID None websocket alive with sequence 8.
[2025-06-06 01:58:51] [DEBUG   ] discord.gateway: For Shard ID None: WebSocket Event: {'t': None, 's': None, 'op': 11, 'd': None}
[2025-06-06 01:59:32] [DEBUG   ] discord.gateway: Keeping shard ID None websocket alive with sequence 8.
[2025-06-06 01:59:32] [DEBUG   ] discord.gateway: For Shard ID None: WebSocket Event: {'t': None, 's': None, 'op': 11, 'd': None}
